
> vue2-shop@1.0.0 dev D:\www\test\2017\workspace\javascript\vue2-shop
> node build/dev-server.js

[HPM] Proxy created: /api1  ->  http://localhost:60917
[HPM] Proxy rewrite rule created: "^/api" ~> "/api"
mockjs routes:
[ { url: '/city', method: 'get', data: { 'citys|1-10': [Object] } },
  { url: '/login', method: 'post', data: [Function: data] },
  { url: '/bbb/:type', data: [Function: data] },
  { url: '/aaa', method: 'post', data: { 'citys|2': [Object] } },
  { url: '/goods', data: [Function: data] },
  { url: '/goods/:id', data: [Function: data] } ]
events.js:160
      throw er; // Unhandled 'error' event
      ^

Error: listen EADDRINUSE :::8080
    at Object.exports._errnoException (util.js:1022:11)
    at exports._exceptionWithHostPort (util.js:1045:20)
    at Server._listen2 (net.js:1259:14)
    at listen (net.js:1295:10)
    at Server.listen (net.js:1391:5)
    at EventEmitter.listen (D:\www\test\2017\workspace\javascript\vue2-shop\node_modules\express\lib\application.js:617:24)
    at Object.<anonymous> (D:\www\test\2017\workspace\javascript\vue2-shop\build\dev-server.js:72:22)
    at Module._compile (module.js:570:32)
    at Object.Module._extensions..js (module.js:579:10)
    at Module.load (module.js:487:32)
    at tryModuleLoad (module.js:446:12)
    at Function.Module._load (module.js:438:3)
    at Module.runMain (module.js:604:10)
    at run (bootstrap_node.js:394:7)
    at startup (bootstrap_node.js:149:9)
    at bootstrap_node.js:509:3

npm ERR! Windows_NT 6.1.7601
npm ERR! argv "D:\\Program Files\\nodejs\\node.exe" "D:\\Program Files\\nodejs\\node_modules\\npm\\bin\\npm-cli.js" "run" "dev"
npm ERR! node v6.9.4
npm ERR! npm  v4.1.1
npm ERR! code If you do, this is most likely a problem with the vue2-shop package,
 ELIFECYCLE
npm npm ERR! vue2-shop@1.0.0 dev: `node build/dev-server.js`
npm ERR! Exit status 1
npm ERR! 
npm ERR! Failed at the vue2-shop@1.0.0 dev script 'node build/dev-server.js'.
npm ERR! Make sure you have the latest version of node.js and npm installed.
npm ERR!ERR! not with npm itself.
npm ERR! Tell the author that this fails on your system:
npm ERR!     node build/dev-server.js
npm ERR! You can get information on how to open an issue for this project with:
npm ERR!     npm bugs vue2-shop
npm ERR! Or if that isn't available, you can get their info via:
npm ERR!     npm owner ls vue2-shop
npm ERR! There is likely additional logging output above.
npm ERR! Please include the following file with any support request:
npm ERR!     D:\www\test\2017\workspace\javascript\vue2-shop\npm-debug.log

